<?xml version="1.0" encoding="UTF-8"?>
<!-- Generated by org.testng.reporters.JUnitReportReporter -->
<testsuite hostname="LAPTOP-GUGK01O4" failures="0" tests="1" name="com.qa.Selenium.NavigationCommands" time="36.842" errors="0" timestamp="2025-08-02T00:23:34 IST" skipped="0">
  <testcase classname="com.qa.Selenium.NavigationCommands" name="navigationMethods" time="36.842"/>
</testsuite> <!-- com.qa.Selenium.NavigationCommands -->
