<?xml version="1.0" encoding="UTF-8"?>
<!-- Generated by org.testng.reporters.JUnitReportReporter -->
<testsuite hostname="LAPTOP-GUGK01O4" failures="0" tests="2" name="testCases.TC001_AccountRegistrationTest" time="5.191" errors="0" timestamp="2025-08-19T12:59:27 IST" skipped="0">
  <testcase classname="testCases.TC001_AccountRegistrationTest" name="verifyRegistrationPageTest" time="3.289"/>
  <testcase classname="testCases.TC001_AccountRegistrationTest" name="verifyRegistrationPageTest" time="1.902"/>
</testsuite> <!-- testCases.TC001_AccountRegistrationTest -->
