<?xml version="1.0" encoding="UTF-8"?>
<!-- Generated by org.testng.reporters.JUnitReportReporter -->
<testsuite hostname="LAPTOP-GUGK01O4" failures="0" tests="1" name="com.qa.Selenium.WebDriverCommands" time="15.719" errors="0" timestamp="2025-08-02T00:18:27 IST" skipped="0">
  <testcase classname="com.qa.Selenium.WebDriverCommands" name="webElementCmds" time="15.719"/>
</testsuite> <!-- com.qa.Selenium.WebDriverCommands -->
