<?xml version="1.0" encoding="UTF-8"?>
<!-- Generated by org.testng.reporters.JUnitReportReporter -->
<testsuite hostname="LAPTOP-GUGK01O4" failures="0" tests="1" name="com.qa.Selenium.HandlingMultipleWindows" time="11.164" errors="0" timestamp="2025-08-02T00:33:12 IST" skipped="0">
  <testcase classname="com.qa.Selenium.HandlingMultipleWindows" name="handlewindows" time="11.164"/>
</testsuite> <!-- com.qa.Selenium.HandlingMultipleWindows -->
