<?xml version="1.0" encoding="UTF-8"?>
<!-- Generated by org.testng.reporters.JUnitReportReporter -->
<testsuite hostname="LAPTOP-GUGK01O4" failures="0" tests="1" name="com.qa.Selenium.handleScreenshot" time="12.667" errors="0" timestamp="2025-08-02T00:51:25 IST" skipped="0">
  <testcase classname="com.qa.Selenium.handleScreenshot" name="screenshot" time="12.667"/>
</testsuite> <!-- com.qa.Selenium.handleScreenshot -->
