<?xml version="1.0" encoding="UTF-8"?>
<!-- Generated by org.testng.reporters.JUnitReportReporter -->
<testsuite hostname="LAPTOP-GUGK01O4" failures="0" tests="2" name="testCases.TC001_AccountRegistrationTest" time="11.032" errors="0" timestamp="2025-08-19T13:50:27 IST" skipped="0">
  <testcase classname="testCases.TC001_AccountRegistrationTest" name="verifyRegistrationPageTest" time="4.271"/>
  <testcase classname="testCases.TC001_AccountRegistrationTest" name="verifyRegistrationPageTest" time="6.761"/>
</testsuite> <!-- testCases.TC001_AccountRegistrationTest -->
