<?xml version="1.0" encoding="UTF-8"?>
<!-- Generated by org.testng.reporters.JUnitReportReporter -->
<testsuite hostname="LAPTOP-GUGK01O4" failures="0" tests="2" name="testCases.TC_002_LogInTest" time="3.544" errors="0" timestamp="2025-08-19T13:50:27 IST" skipped="0">
  <testcase classname="testCases.TC_002_LogInTest" name="verifyLoginPage" time="1.575"/>
  <testcase classname="testCases.TC_002_LogInTest" name="verifyLoginPage" time="1.969"/>
</testsuite> <!-- testCases.TC_002_LogInTest -->
